2014-11-23 14:45:27.329 Hello World[50697:70b] Apache Cordova native platform version 3.6.3 is starting.
2014-11-23 14:45:27.331 Hello World[50697:70b] Multi-tasking -> Device: YES, App: YES
2014-11-23 14:45:27.351 Hello World[50697:70b] Unlimited access to network resources
2014-11-23 14:45:27.354 Hello World[50697:70b] 

Started backup to iCloud! Please be careful.
Your application might be rejected by Apple if you store too much data.
For more information please read "iOS Data Storage Guidelines" at:
https://developer.apple.com/icloud/documentation/data-storage/

2014-11-23 14:45:27.741 Hello World[50697:70b] Resetting plugins due to page load.
2014-11-23 14:45:27.842 Hello World[50697:70b] Finished load of: file:///Users/rob/Library/Developer/CoreSimulator/Devices/C17F659E-6147-4800-9695-4BE5CFD4E1CC/data/Applications/779F68B9-07FF-49D6-BEC9-833D05B2F040/Hello%20World.app/www/index.html
2014-11-23 14:49:41.794 Hello World[50949:70b] Apache Cordova native platform version 3.6.3 is starting.
2014-11-23 14:49:41.795 Hello World[50949:70b] Multi-tasking -> Device: YES, App: YES
2014-11-23 14:49:41.800 Hello World[50949:70b] Unlimited access to network resources
2014-11-23 14:49:41.802 Hello World[50949:70b] 

Started backup to iCloud! Please be careful.
Your application might be rejected by Apple if you store too much data.
For more information please read "iOS Data Storage Guidelines" at:
https://developer.apple.com/icloud/documentation/data-storage/

2014-11-23 14:49:41.884 Hello World[50949:70b] Resetting plugins due to page load.
2014-11-23 14:49:41.927 Hello World[50949:70b] Finished load of: file:///Users/rob/Library/Developer/CoreSimulator/Devices/C17F659E-6147-4800-9695-4BE5CFD4E1CC/data/Applications/779F68B9-07FF-49D6-BEC9-833D05B2F040/Hello%20World.app/www/index.html
2014-11-23 14:58:29.588 Hello World[51250:70b] Apache Cordova native platform version 3.6.3 is starting.
2014-11-23 14:58:29.589 Hello World[51250:70b] Multi-tasking -> Device: YES, App: YES
2014-11-23 14:58:29.594 Hello World[51250:70b] Unlimited access to network resources
2014-11-23 14:58:29.596 Hello World[51250:70b] 

Started backup to iCloud! Please be careful.
Your application might be rejected by Apple if you store too much data.
For more information please read "iOS Data Storage Guidelines" at:
https://developer.apple.com/icloud/documentation/data-storage/

2014-11-23 14:58:29.676 Hello World[51250:70b] Resetting plugins due to page load.
2014-11-23 14:58:29.714 Hello World[51250:70b] Finished load of: file:///Users/rob/Library/Developer/CoreSimulator/Devices/C17F659E-6147-4800-9695-4BE5CFD4E1CC/data/Applications/779F68B9-07FF-49D6-BEC9-833D05B2F040/Hello%20World.app/www/index.html
2014-11-23 15:01:47.388 Hello World[51496:70b] Apache Cordova native platform version 3.6.3 is starting.
2014-11-23 15:01:47.390 Hello World[51496:70b] Multi-tasking -> Device: YES, App: YES
2014-11-23 15:01:47.398 Hello World[51496:70b] Unlimited access to network resources
2014-11-23 15:01:47.401 Hello World[51496:70b] 

Started backup to iCloud! Please be careful.
Your application might be rejected by Apple if you store too much data.
For more information please read "iOS Data Storage Guidelines" at:
https://developer.apple.com/icloud/documentation/data-storage/

2014-11-23 15:01:47.531 Hello World[51496:70b] Resetting plugins due to page load.
2014-11-23 15:01:47.590 Hello World[51496:70b] Finished load of: file:///Users/rob/Library/Developer/CoreSimulator/Devices/C17F659E-6147-4800-9695-4BE5CFD4E1CC/data/Applications/779F68B9-07FF-49D6-BEC9-833D05B2F040/Hello%20World.app/www/index.html
2014-11-23 15:06:47.629 Hello World[51786:70b] Apache Cordova native platform version 3.6.3 is starting.
2014-11-23 15:06:47.631 Hello World[51786:70b] Multi-tasking -> Device: YES, App: YES
2014-11-23 15:06:47.636 Hello World[51786:70b] Unlimited access to network resources
2014-11-23 15:06:47.638 Hello World[51786:70b] 

Started backup to iCloud! Please be careful.
Your application might be rejected by Apple if you store too much data.
For more information please read "iOS Data Storage Guidelines" at:
https://developer.apple.com/icloud/documentation/data-storage/

2014-11-23 15:06:47.711 Hello World[51786:70b] Resetting plugins due to page load.
2014-11-23 15:06:47.762 Hello World[51786:70b] Finished load of: file:///Users/rob/Library/Developer/CoreSimulator/Devices/C17F659E-6147-4800-9695-4BE5CFD4E1CC/data/Applications/74277D98-DA41-4DAF-BEEA-9D6152046EB4/Hello%20World.app/www/index.html
2014-11-23 15:07:56.813 Hello World[52011:70b] Apache Cordova native platform version 3.6.3 is starting.
2014-11-23 15:07:56.815 Hello World[52011:70b] Multi-tasking -> Device: YES, App: YES
2014-11-23 15:07:56.820 Hello World[52011:70b] Unlimited access to network resources
2014-11-23 15:07:56.822 Hello World[52011:70b] 

Started backup to iCloud! Please be careful.
Your application might be rejected by Apple if you store too much data.
For more information please read "iOS Data Storage Guidelines" at:
https://developer.apple.com/icloud/documentation/data-storage/

2014-11-23 15:07:56.905 Hello World[52011:70b] Resetting plugins due to page load.
2014-11-23 15:07:56.950 Hello World[52011:70b] Finished load of: file:///Users/rob/Library/Developer/CoreSimulator/Devices/C17F659E-6147-4800-9695-4BE5CFD4E1CC/data/Applications/FD6D4265-0B7F-404C-B6FB-44E7D1E181B4/Hello%20World.app/www/index.html
2014-11-23 15:09:49.768 Hello World[52212:70b] Apache Cordova native platform version 3.6.3 is starting.
2014-11-23 15:09:49.770 Hello World[52212:70b] Multi-tasking -> Device: YES, App: YES
2014-11-23 15:09:49.775 Hello World[52212:70b] Unlimited access to network resources
2014-11-23 15:09:49.777 Hello World[52212:70b] 

Started backup to iCloud! Please be careful.
Your application might be rejected by Apple if you store too much data.
For more information please read "iOS Data Storage Guidelines" at:
https://developer.apple.com/icloud/documentation/data-storage/

2014-11-23 15:09:49.860 Hello World[52212:70b] Resetting plugins due to page load.
2014-11-23 15:09:49.907 Hello World[52212:70b] Finished load of: file:///Users/rob/Library/Developer/CoreSimulator/Devices/C17F659E-6147-4800-9695-4BE5CFD4E1CC/data/Applications/FD6D4265-0B7F-404C-B6FB-44E7D1E181B4/Hello%20World.app/www/index.html
2014-11-23 15:19:09.165 Hello World[52591:70b] Apache Cordova native platform version 3.6.3 is starting.
2014-11-23 15:19:09.168 Hello World[52591:70b] Multi-tasking -> Device: YES, App: YES
2014-11-23 15:19:09.175 Hello World[52591:70b] Unlimited access to network resources
2014-11-23 15:19:09.177 Hello World[52591:70b] 

Started backup to iCloud! Please be careful.
Your application might be rejected by Apple if you store too much data.
For more information please read "iOS Data Storage Guidelines" at:
https://developer.apple.com/icloud/documentation/data-storage/

2014-11-23 15:19:09.317 Hello World[52591:70b] Resetting plugins due to page load.
2014-11-23 15:19:09.391 Hello World[52591:70b] Finished load of: file:///Users/rob/Library/Developer/CoreSimulator/Devices/C17F659E-6147-4800-9695-4BE5CFD4E1CC/data/Applications/B8CBA3CF-548C-4911-9F94-76D223B43232/Hello%20World.app/www/index.html
2014-11-23 15:20:11.151 Hello World[52814:70b] Apache Cordova native platform version 3.6.3 is starting.
2014-11-23 15:20:11.156 Hello World[52814:70b] Multi-tasking -> Device: YES, App: YES
2014-11-23 15:20:11.166 Hello World[52814:70b] Unlimited access to network resources
2014-11-23 15:20:11.172 Hello World[52814:70b] 

Started backup to iCloud! Please be careful.
Your application might be rejected by Apple if you store too much data.
For more information please read "iOS Data Storage Guidelines" at:
https://developer.apple.com/icloud/documentation/data-storage/

2014-11-23 15:20:11.358 Hello World[52814:70b] Resetting plugins due to page load.
2014-11-23 15:20:11.426 Hello World[52814:70b] Finished load of: file:///Users/rob/Library/Developer/CoreSimulator/Devices/C17F659E-6147-4800-9695-4BE5CFD4E1CC/data/Applications/03083AA4-399D-4735-809B-44E423942AA2/Hello%20World.app/www/index.html
2014-11-23 15:20:46.847 Hello World[52997:70b] Apache Cordova native platform version 3.6.3 is starting.
2014-11-23 15:20:46.850 Hello World[52997:70b] Multi-tasking -> Device: YES, App: YES
2014-11-23 15:20:46.858 Hello World[52997:70b] Unlimited access to network resources
2014-11-23 15:20:46.861 Hello World[52997:70b] 

Started backup to iCloud! Please be careful.
Your application might be rejected by Apple if you store too much data.
For more information please read "iOS Data Storage Guidelines" at:
https://developer.apple.com/icloud/documentation/data-storage/

2014-11-23 15:20:46.990 Hello World[52997:70b] Resetting plugins due to page load.
2014-11-23 15:20:47.058 Hello World[52997:70b] Finished load of: file:///Users/rob/Library/Developer/CoreSimulator/Devices/C17F659E-6147-4800-9695-4BE5CFD4E1CC/data/Applications/03083AA4-399D-4735-809B-44E423942AA2/Hello%20World.app/www/index.html
2014-11-23 15:21:11.738 Hello World[53171:70b] Apache Cordova native platform version 3.6.3 is starting.
2014-11-23 15:21:11.740 Hello World[53171:70b] Multi-tasking -> Device: YES, App: YES
2014-11-23 15:21:11.749 Hello World[53171:70b] Unlimited access to network resources
2014-11-23 15:21:11.753 Hello World[53171:70b] 

Started backup to iCloud! Please be careful.
Your application might be rejected by Apple if you store too much data.
For more information please read "iOS Data Storage Guidelines" at:
https://developer.apple.com/icloud/documentation/data-storage/

2014-11-23 15:21:11.892 Hello World[53171:70b] Resetting plugins due to page load.
2014-11-23 15:21:11.987 Hello World[53171:70b] Finished load of: file:///Users/rob/Library/Developer/CoreSimulator/Devices/C17F659E-6147-4800-9695-4BE5CFD4E1CC/data/Applications/03083AA4-399D-4735-809B-44E423942AA2/Hello%20World.app/www/index.html
2014-11-23 15:21:57.933 Hello World[53353:70b] Apache Cordova native platform version 3.6.3 is starting.
2014-11-23 15:21:57.935 Hello World[53353:70b] Multi-tasking -> Device: YES, App: YES
2014-11-23 15:21:57.943 Hello World[53353:70b] Unlimited access to network resources
2014-11-23 15:21:57.947 Hello World[53353:70b] 

Started backup to iCloud! Please be careful.
Your application might be rejected by Apple if you store too much data.
For more information please read "iOS Data Storage Guidelines" at:
https://developer.apple.com/icloud/documentation/data-storage/

2014-11-23 15:21:58.075 Hello World[53353:70b] Resetting plugins due to page load.
2014-11-23 15:21:58.151 Hello World[53353:70b] Finished load of: file:///Users/rob/Library/Developer/CoreSimulator/Devices/C17F659E-6147-4800-9695-4BE5CFD4E1CC/data/Applications/03083AA4-399D-4735-809B-44E423942AA2/Hello%20World.app/www/index.html
objc[53353]: Class AXEmojiUtilities is implemented in both /Applications/Xcode61.app/Contents/Developer/Platforms/iPhoneSimulator.platform/Developer/SDKs/iPhoneSimulator7.1.sdk/System/Library/PrivateFrameworks/AccessibilityUtilities.framework/AccessibilityUtilities and /Applications/Xcode61.app/Contents/Developer/Platforms/iPhoneSimulator.platform/Developer/SDKs/iPhoneSimulator7.1.sdk/usr/lib/libAXSpeechManager.dylib. One of the two will be used. Which one is undefined.
2014-11-23 15:29:13.472 Hello World[53353:70b] Cannot find executable for CFBundle 0x7876db50 </Applications/Xcode61.app/Contents/Developer/Platforms/iPhoneSimulator.platform/Developer/SDKs/iPhoneSimulator7.1.sdk/System/Library/AccessibilityBundles/MusicLibrary.axbundle> (not loaded)
2014-11-23 15:29:13.480 Hello World[53353:70b] Cannot find executable for CFBundle 0x78790b80 </Applications/Xcode61.app/Contents/Developer/Platforms/iPhoneSimulator.platform/Developer/SDKs/iPhoneSimulator7.1.sdk/System/Library/AccessibilityBundles/GeoServices.axbundle> (not loaded)
2014-11-23 15:29:13.485 Hello World[53353:70b] Cannot find executable for CFBundle 0x7885d9f0 </Applications/Xcode61.app/Contents/Developer/Platforms/iPhoneSimulator.platform/Developer/SDKs/iPhoneSimulator7.1.sdk/System/Library/AccessibilityBundles/CertUIFramework.axbundle> (not loaded)
objc[53645]: Class AXEmojiUtilities is implemented in both /Applications/Xcode61.app/Contents/Developer/Platforms/iPhoneSimulator.platform/Developer/SDKs/iPhoneSimulator7.1.sdk/System/Library/PrivateFrameworks/AccessibilityUtilities.framework/AccessibilityUtilities and /Applications/Xcode61.app/Contents/Developer/Platforms/iPhoneSimulator.platform/Developer/SDKs/iPhoneSimulator7.1.sdk/usr/lib/libAXSpeechManager.dylib. One of the two will be used. Which one is undefined.
2014-11-23 15:29:58.892 Hello World[53645:70b] Cannot find executable for CFBundle 0x79981ea0 </Applications/Xcode61.app/Contents/Developer/Platforms/iPhoneSimulator.platform/Developer/SDKs/iPhoneSimulator7.1.sdk/System/Library/AccessibilityBundles/GeoServices.axbundle> (not loaded)
2014-11-23 15:29:58.896 Hello World[53645:70b] Cannot find executable for CFBundle 0x79863d80 </Applications/Xcode61.app/Contents/Developer/Platforms/iPhoneSimulator.platform/Developer/SDKs/iPhoneSimulator7.1.sdk/System/Library/AccessibilityBundles/CertUIFramework.axbundle> (not loaded)
2014-11-23 15:29:58.936 Hello World[53645:70b] Apache Cordova native platform version 3.6.3 is starting.
2014-11-23 15:29:58.936 Hello World[53645:70b] Multi-tasking -> Device: YES, App: YES
2014-11-23 15:29:58.942 Hello World[53645:70b] Unlimited access to network resources
2014-11-23 15:29:58.944 Hello World[53645:70b] 

Started backup to iCloud! Please be careful.
Your application might be rejected by Apple if you store too much data.
For more information please read "iOS Data Storage Guidelines" at:
https://developer.apple.com/icloud/documentation/data-storage/

2014-11-23 15:29:59.055 Hello World[53645:70b] Resetting plugins due to page load.
2014-11-23 15:29:59.104 Hello World[53645:70b] Finished load of: file:///Users/rob/Library/Developer/CoreSimulator/Devices/C17F659E-6147-4800-9695-4BE5CFD4E1CC/data/Applications/03083AA4-399D-4735-809B-44E423942AA2/Hello%20World.app/www/index.html
2014-11-23 21:08:07.509 Hello World[56334:70b] Apache Cordova native platform version 3.6.3 is starting.
2014-11-23 21:08:07.511 Hello World[56334:70b] Multi-tasking -> Device: YES, App: YES
2014-11-23 21:08:07.518 Hello World[56334:70b] Unlimited access to network resources
2014-11-23 21:08:07.520 Hello World[56334:70b] 

Started backup to iCloud! Please be careful.
Your application might be rejected by Apple if you store too much data.
For more information please read "iOS Data Storage Guidelines" at:
https://developer.apple.com/icloud/documentation/data-storage/

2014-11-23 21:08:07.621 Hello World[56334:70b] Resetting plugins due to page load.
2014-11-23 21:08:07.679 Hello World[56334:70b] Finished load of: file:///Users/rob/Library/Developer/CoreSimulator/Devices/C17F659E-6147-4800-9695-4BE5CFD4E1CC/data/Applications/CD8043E9-1AD7-4070-94FD-B7C58F73065E/Hello%20World.app/www/index.html
2014-11-23 21:09:40.411 Hello World[56615:70b] Apache Cordova native platform version 3.6.3 is starting.
2014-11-23 21:09:40.413 Hello World[56615:70b] Multi-tasking -> Device: YES, App: YES
2014-11-23 21:09:40.422 Hello World[56615:70b] Unlimited access to network resources
2014-11-23 21:09:40.424 Hello World[56615:70b] 

Started backup to iCloud! Please be careful.
Your application might be rejected by Apple if you store too much data.
For more information please read "iOS Data Storage Guidelines" at:
https://developer.apple.com/icloud/documentation/data-storage/

2014-11-23 21:09:40.559 Hello World[56615:70b] Resetting plugins due to page load.
2014-11-23 21:09:40.622 Hello World[56615:70b] Finished load of: file:///Users/rob/Library/Developer/CoreSimulator/Devices/C17F659E-6147-4800-9695-4BE5CFD4E1CC/data/Applications/45DED11E-8DEA-4483-90F2-711045DE4BAD/Hello%20World.app/www/index.html
2014-11-23 21:12:27.417 Hello World[56837:70b] Apache Cordova native platform version 3.6.3 is starting.
2014-11-23 21:12:27.418 Hello World[56837:70b] Multi-tasking -> Device: YES, App: YES
2014-11-23 21:12:27.424 Hello World[56837:70b] Unlimited access to network resources
2014-11-23 21:12:27.426 Hello World[56837:70b] 

Started backup to iCloud! Please be careful.
Your application might be rejected by Apple if you store too much data.
For more information please read "iOS Data Storage Guidelines" at:
https://developer.apple.com/icloud/documentation/data-storage/

2014-11-23 21:12:27.526 Hello World[56837:70b] Resetting plugins due to page load.
2014-11-23 21:12:27.578 Hello World[56837:70b] Finished load of: file:///Users/rob/Library/Developer/CoreSimulator/Devices/C17F659E-6147-4800-9695-4BE5CFD4E1CC/data/Applications/D6C17F70-0E24-46B1-A42B-2398CADF629F/Hello%20World.app/www/index.html
